<?xml version="1.0" encoding="UTF-8"?>
<!-- Generated by org.testng.reporters.JUnitReportReporter -->
<testsuite skipped="0" hostname="PC391894" name="testscripts.MobileTestingScenario" tests="1" failures="0" timestamp="23 Apr 2019 10:13:47 GMT" time="2.386" errors="1">
  <testcase name="tiesSelection" time="2.386" classname="testscripts.MobileTestingScenario">
    <error type="com.cognizant.framework.FrameworkException" message="The appium driver invocation created a problem , please check the capabilities">
      <![CDATA[com.cognizant.framework.FrameworkException: The appium driver invocation created a problem , please check the capabilities
at com.cognizant.framework.selenium.AppiumDriverFactory.getAppiumDriver(AppiumDriverFactory.java:143)
at com.cognizant.craft.DriverScript.initializeWebDriver(DriverScript.java:341)
at com.cognizant.craft.DriverScript.driveTestExecution(DriverScript.java:174)
at testscripts.MobileTestingScenario.tiesSelection(MobileTestingScenario.java:39)
at sun.reflect.NativeMethodAccessorImpl.invoke0(Native Method)
at sun.reflect.NativeMethodAccessorImpl.invoke(NativeMethodAccessorImpl.java:62)
at sun.reflect.DelegatingMethodAccessorImpl.invoke(DelegatingMethodAccessorImpl.java:43)
at java.lang.reflect.Method.invoke(Method.java:498)
at org.testng.internal.MethodInvocationHelper.invokeMethod(MethodInvocationHelper.java:124)
at org.testng.internal.Invoker.invokeMethod(Invoker.java:583)
at org.testng.internal.Invoker.invokeTestMethod(Invoker.java:719)
at org.testng.internal.Invoker.invokeTestMethods(Invoker.java:989)
at org.testng.internal.TestMethodWorker.invokeTestMethods(TestMethodWorker.java:125)
at org.testng.internal.TestMethodWorker.run(TestMethodWorker.java:109)
at java.util.concurrent.ThreadPoolExecutor.runWorker(ThreadPoolExecutor.java:1149)
at java.util.concurrent.ThreadPoolExecutor$Worker.run(ThreadPoolExecutor.java:624)
at java.lang.Thread.run(Thread.java:748)
]]>
    </error>
  </testcase> <!-- tiesSelection -->
</testsuite> <!-- testscripts.MobileTestingScenario -->
